[2026-03-23 22:38:34] SQLSTATE[22P02]: Invalid text representation: 7 ERROR:  invalid input syntax for type boolean: "active"
LINE 5:         ) VALUES ($1, $2, $3, $4, $5, $6, $7, 'active', NOW(...
                                                      ^ in C:\xampp\htdocs\trustfiles\api\products\add_product.php:190
Stack trace:
#0 C:\xampp\htdocs\trustfiles\api\products\add_product.php(190): PDOStatement->execute(Array)
#1 {main}

[2026-03-23 22:42:59] SQLSTATE[22P02]: Invalid text representation: 7 ERROR:  invalid input syntax for type boolean: "active"
LINE 5:         ) VALUES ($1, $2, $3, $4, $5, $6, $7, 'active', NOW(...
                                                      ^ in C:\xampp\htdocs\trustfiles\api\products\add_product.php:190
Stack trace:
#0 C:\xampp\htdocs\trustfiles\api\products\add_product.php(190): PDOStatement->execute(Array)
#1 {main}

[2026-03-23 22:45:15] SQLSTATE[22P02]: Invalid text representation: 7 ERROR:  invalid input syntax for type boolean: "active"
LINE 5:         ) VALUES ($1, $2, $3, $4, $5, $6, $7, 'active', NOW(...
                                                      ^ in C:\xampp\htdocs\trustfiles\api\products\add_product.php:190
Stack trace:
#0 C:\xampp\htdocs\trustfiles\api\products\add_product.php(190): PDOStatement->execute(Array)
#1 {main}

[2026-03-23 22:45:16] SQLSTATE[22P02]: Invalid text representation: 7 ERROR:  invalid input syntax for type boolean: "active"
LINE 5:         ) VALUES ($1, $2, $3, $4, $5, $6, $7, 'active', NOW(...
                                                      ^ in C:\xampp\htdocs\trustfiles\api\products\add_product.php:190
Stack trace:
#0 C:\xampp\htdocs\trustfiles\api\products\add_product.php(190): PDOStatement->execute(Array)
#1 {main}

[2026-03-23 22:45:24] SQLSTATE[22P02]: Invalid text representation: 7 ERROR:  invalid input syntax for type boolean: "active"
LINE 5:         ) VALUES ($1, $2, $3, $4, $5, $6, $7, 'active', NOW(...
                                                      ^ in C:\xampp\htdocs\trustfiles\api\products\add_product.php:190
Stack trace:
#0 C:\xampp\htdocs\trustfiles\api\products\add_product.php(190): PDOStatement->execute(Array)
#1 {main}

[2026-03-23 22:45:32] SQLSTATE[22P02]: Invalid text representation: 7 ERROR:  invalid input syntax for type boolean: "active"
LINE 5:         ) VALUES ($1, $2, $3, $4, $5, $6, $7, 'active', NOW(...
                                                      ^ in C:\xampp\htdocs\trustfiles\api\products\add_product.php:190
Stack trace:
#0 C:\xampp\htdocs\trustfiles\api\products\add_product.php(190): PDOStatement->execute(Array)
#1 {main}

[2026-03-23 22:45:33] SQLSTATE[22P02]: Invalid text representation: 7 ERROR:  invalid input syntax for type boolean: "active"
LINE 5:         ) VALUES ($1, $2, $3, $4, $5, $6, $7, 'active', NOW(...
                                                      ^ in C:\xampp\htdocs\trustfiles\api\products\add_product.php:190
Stack trace:
#0 C:\xampp\htdocs\trustfiles\api\products\add_product.php(190): PDOStatement->execute(Array)
#1 {main}

[2026-03-23 22:45:34] SQLSTATE[22P02]: Invalid text representation: 7 ERROR:  invalid input syntax for type boolean: "active"
LINE 5:         ) VALUES ($1, $2, $3, $4, $5, $6, $7, 'active', NOW(...
                                                      ^ in C:\xampp\htdocs\trustfiles\api\products\add_product.php:190
Stack trace:
#0 C:\xampp\htdocs\trustfiles\api\products\add_product.php(190): PDOStatement->execute(Array)
#1 {main}

[2026-03-23 22:45:34] SQLSTATE[22P02]: Invalid text representation: 7 ERROR:  invalid input syntax for type boolean: "active"
LINE 5:         ) VALUES ($1, $2, $3, $4, $5, $6, $7, 'active', NOW(...
                                                      ^ in C:\xampp\htdocs\trustfiles\api\products\add_product.php:190
Stack trace:
#0 C:\xampp\htdocs\trustfiles\api\products\add_product.php(190): PDOStatement->execute(Array)
#1 {main}

[2026-03-23 22:45:34] SQLSTATE[22P02]: Invalid text representation: 7 ERROR:  invalid input syntax for type boolean: "active"
LINE 5:         ) VALUES ($1, $2, $3, $4, $5, $6, $7, 'active', NOW(...
                                                      ^ in C:\xampp\htdocs\trustfiles\api\products\add_product.php:190
Stack trace:
#0 C:\xampp\htdocs\trustfiles\api\products\add_product.php(190): PDOStatement->execute(Array)
#1 {main}

[2026-03-23 22:45:35] SQLSTATE[22P02]: Invalid text representation: 7 ERROR:  invalid input syntax for type boolean: "active"
LINE 5:         ) VALUES ($1, $2, $3, $4, $5, $6, $7, 'active', NOW(...
                                                      ^ in C:\xampp\htdocs\trustfiles\api\products\add_product.php:190
Stack trace:
#0 C:\xampp\htdocs\trustfiles\api\products\add_product.php(190): PDOStatement->execute(Array)
#1 {main}

[2026-03-24 13:31:14] SQLSTATE[22P02]: Invalid text representation: 7 ERROR:  invalid input syntax for type boolean: ""
CONTEXT:  unnamed portal parameter $3 = '' in C:\xampp\htdocs\trustfiles\api\products\upload_images.php:231
Stack trace:
#0 C:\xampp\htdocs\trustfiles\api\products\upload_images.php(231): PDOStatement->execute(Array)
#1 {main}

[2026-03-24 13:31:41] SQLSTATE[22P02]: Invalid text representation: 7 ERROR:  invalid input syntax for type boolean: ""
CONTEXT:  unnamed portal parameter $3 = '' in C:\xampp\htdocs\trustfiles\api\products\upload_images.php:231
Stack trace:
#0 C:\xampp\htdocs\trustfiles\api\products\upload_images.php(231): PDOStatement->execute(Array)
#1 {main}

[2026-03-24 13:35:12] SQLSTATE[22P02]: Invalid text representation: 7 ERROR:  invalid input syntax for type boolean: ""
CONTEXT:  unnamed portal parameter $3 = '' in C:\xampp\htdocs\trustfiles\api\products\upload_images.php:232
Stack trace:
#0 C:\xampp\htdocs\trustfiles\api\products\upload_images.php(232): PDOStatement->execute(Array)
#1 {main}

[2026-04-05 14:42:36] SQLSTATE[26000]: Invalid sql statement name: 7 ERROR:  prepared statement "pdo_stmt_00000003" does not exist in C:\xampp\htdocs\trustfiles\api\products\get_products.php:227
Stack trace:
#0 C:\xampp\htdocs\trustfiles\api\products\get_products.php(227): PDOStatement->execute(Array)
#1 {main}

